# JRE version: Java(TM) SE Runtime Environment (8.0_66-b18) (build 1.8.0_66-b18)
# Java VM: Java HotSpot(TM) 64-Bit Server VM (25.66-b18 mixed mode windows-amd64 compressed oops)
Heap:
 PSYoungGen      total 159232K, used 24449K [0x00000000f5580000, 0x00000000ffe00000, 0x0000000100000000)
  eden space 157184K, 15% used [0x00000000f5580000,0x00000000f6d60630,0x00000000fef00000)
  from space 2048K, 0% used [0x00000000fef00000,0x00000000fef00000,0x00000000ff100000)
  to   space 7680K, 0% used [0x00000000ff680000,0x00000000ff680000,0x00000000ffe00000)
 ParOldGen       total 211456K, used 123520K [0x00000000e0000000, 0x00000000ece80000, 0x00000000f5580000)
  object space 211456K, 58% used [0x00000000e0000000,0x00000000e78a0388,0x00000000ece80000)
 Metaspace       used 119572K, capacity 126948K, committed 127488K, reserved 1161216K
  class space    used 13037K, capacity 15260K, committed 15360K, reserved 1048576K
GC Heap History (10 events):
Event: 12687.340 GC heap before
{Heap before GC invocations=930 (full 183):
 PSYoungGen      total 159744K, used 2153K [0x00000000f5580000, 0x00000000fff00000, 0x0000000100000000)
  eden space 157184K, 0% used [0x00000000f5580000,0x00000000f5580000,0x00000000fef00000)
  from space 2560K, 84% used [0x00000000fef00000,0x00000000ff11a400,0x00000000ff180000)
  to   space 8192K, 0% used [0x00000000ff700000,0x00000000ff700000,0x00000000fff00000)
 ParOldGen       total 211456K, used 124595K [0x00000000e0000000, 0x00000000ece80000, 0x00000000f5580000)
  object space 211456K, 58% used [0x00000000e0000000,0x00000000e79acd40,0x00000000ece80000)
 Metaspace       used 119407K, capacity 126820K, committed 127360K, reserved 1161216K
  class space    used 13009K, capacity 15196K, committed 15232K, reserved 1048576K
Event: 12687.590 GC heap after
Heap after GC invocations=930 (full 183):
 PSYoungGen      total 159744K, used 0K [0x00000000f5580000, 0x00000000fff00000, 0x0000000100000000)
  eden space 157184K, 0% used [0x00000000f5580000,0x00000000f5580000,0x00000000fef00000)
  from space 2560K, 0% used [0x00000000fef00000,0x00000000fef00000,0x00000000ff180000)
  to   space 8192K, 0% used [0x00000000ff700000,0x00000000ff700000,0x00000000fff00000)
 ParOldGen       total 211456K, used 123620K [0x00000000e0000000, 0x00000000ece80000, 0x00000000f5580000)
  object space 211456K, 58% used [0x00000000e0000000,0x00000000e78b92c0,0x00000000ece80000)
 Metaspace       used 119407K, capacity 126820K, committed 127360K, reserved 1161216K
  class space    used 13009K, capacity 15196K, committed 15232K, reserved 1048576K
}
Event: 12747.341 GC heap before
{Heap before GC invocations=931 (full 183):
 PSYoungGen      total 159744K, used 15132K [0x00000000f5580000, 0x00000000fff00000, 0x0000000100000000)
  eden space 157184K, 9% used [0x00000000f5580000,0x00000000f64473b0,0x00000000fef00000)
  from space 2560K, 0% used [0x00000000fef00000,0x00000000fef00000,0x00000000ff180000)
  to   space 8192K, 0% used [0x00000000ff700000,0x00000000ff700000,0x00000000fff00000)
 ParOldGen       total 211456K, used 123620K [0x00000000e0000000, 0x00000000ece80000, 0x00000000f5580000)
  object space 211456K, 58% used [0x00000000e0000000,0x00000000e78b92c0,0x00000000ece80000)
 Metaspace       used 119408K, capacity 126820K, committed 127360K, reserved 1161216K
  class space    used 13009K, capacity 15196K, committed 15232K, reserved 1048576K
Event: 12747.351 GC heap after
Heap after GC invocations=931 (full 183):
 PSYoungGen      total 165376K, used 1060K [0x00000000f5580000, 0x00000000fff00000, 0x0000000100000000)
  eden space 157184K, 0% used [0x00000000f5580000,0x00000000f5580000,0x00000000fef00000)
  from space 8192K, 12% used [0x00000000ff700000,0x00000000ff809210,0x00000000fff00000)
  to   space 8192K, 0% used [0x00000000fef00000,0x00000000fef00000,0x00000000ff700000)
 ParOldGen       total 211456K, used 123620K [0x00000000e0000000, 0x00000000ece80000, 0x00000000f5580000)
  object space 211456K, 58% used [0x00000000e0000000,0x00000000e78b92c0,0x00000000ece80000)
 Metaspace       used 119408K, capacity 126820K, committed 127360K, reserved 1161216K
  class space    used 13009K, capacity 15196K, committed 15232K, reserved 1048576K
}
Event: 12747.351 GC heap before
{Heap before GC invocations=932 (full 184):
 PSYoungGen      total 165376K, used 1060K [0x00000000f5580000, 0x00000000fff00000, 0x0000000100000000)
  eden space 157184K, 0% used [0x00000000f5580000,0x00000000f5580000,0x00000000fef00000)
  from space 8192K, 12% used [0x00000000ff700000,0x00000000ff809210,0x00000000fff00000)
  to   space 8192K, 0% used [0x00000000fef00000,0x00000000fef00000,0x00000000ff700000)
 ParOldGen       total 211456K, used 123620K [0x00000000e0000000, 0x00000000ece80000, 0x00000000f5580000)
  object space 211456K, 58% used [0x00000000e0000000,0x00000000e78b92c0,0x00000000ece80000)
 Metaspace       used 119408K, capacity 126820K, committed 127360K, reserved 1161216K
  class space    used 13009K, capacity 15196K, committed 15232K, reserved 1048576K
Event: 12747.575 GC heap after
Heap after GC invocations=932 (full 184):
 PSYoungGen      total 165376K, used 0K [0x00000000f5580000, 0x00000000fff00000, 0x0000000100000000)
  eden space 157184K, 0% used [0x00000000f5580000,0x00000000f5580000,0x00000000fef00000)
  from space 8192K, 0% used [0x00000000ff700000,0x00000000ff700000,0x00000000fff00000)
  to   space 8192K, 0% used [0x00000000fef00000,0x00000000fef00000,0x00000000ff700000)
 ParOldGen       total 211456K, used 123544K [0x00000000e0000000, 0x00000000ece80000, 0x00000000f5580000)
  object space 211456K, 58% used [0x00000000e0000000,0x00000000e78a63c0,0x00000000ece80000)
 Metaspace       used 119408K, capacity 126820K, committed 127360K, reserved 1161216K
  class space    used 13009K, capacity 15196K, committed 15232K, reserved 1048576K
}
Event: 12807.349 GC heap before
{Heap before GC invocations=933 (full 184):
 PSYoungGen      total 165376K, used 12475K [0x00000000f5580000, 0x00000000fff00000, 0x0000000100000000)
  eden space 157184K, 7% used [0x00000000f5580000,0x00000000f61aee18,0x00000000fef00000)
  from space 8192K, 0% used [0x00000000ff700000,0x00000000ff700000,0x00000000fff00000)
  to   space 8192K, 0% used [0x00000000fef00000,0x00000000fef00000,0x00000000ff700000)
 ParOldGen       total 211456K, used 123544K [0x00000000e0000000, 0x00000000ece80000, 0x00000000f5580000)
  object space 211456K, 58% used [0x00000000e0000000,0x00000000e78a63c0,0x00000000ece80000)
 Metaspace       used 119408K, capacity 126820K, committed 127360K, reserved 1161216K
  class space    used 13009K, capacity 15196K, committed 15232K, reserved 1048576K
Event: 12807.357 GC heap after
Heap after GC invocations=933 (full 184):
 PSYoungGen      total 159232K, used 1721K [0x00000000f5580000, 0x00000000ffe00000, 0x0000000100000000)
  eden space 157184K, 0% used [0x00000000f5580000,0x00000000f5580000,0x00000000fef00000)
  from space 2048K, 84% used [0x00000000fef00000,0x00000000ff0ae410,0x00000000ff100000)
  to   space 7680K, 0% used [0x00000000ff680000,0x00000000ff680000,0x00000000ffe00000)
 ParOldGen       total 211456K, used 123544K [0x00000000e0000000, 0x00000000ece80000, 0x00000000f5580000)
  object space 211456K, 58% used [0x00000000e0000000,0x00000000e78a63c0,0x00000000ece80000)
 Metaspace       used 119408K, capacity 126820K, committed 127360K, reserved 1161216K
  class space    used 13009K, capacity 15196K, committed 15232K, reserved 1048576K
}
Event: 12807.357 GC heap before
{Heap before GC invocations=934 (full 185):
 PSYoungGen      total 159232K, used 1721K [0x00000000f5580000, 0x00000000ffe00000, 0x0000000100000000)
  eden space 157184K, 0% used [0x00000000f5580000,0x00000000f5580000,0x00000000fef00000)
  from space 2048K, 84% used [0x00000000fef00000,0x00000000ff0ae410,0x00000000ff100000)
  to   space 7680K, 0% used [0x00000000ff680000,0x00000000ff680000,0x00000000ffe00000)
 ParOldGen       total 211456K, used 123544K [0x00000000e0000000, 0x00000000ece80000, 0x00000000f5580000)
  object space 211456K, 58% used [0x00000000e0000000,0x00000000e78a63c0,0x00000000ece80000)
 Metaspace       used 119408K, capacity 126820K, committed 127360K, reserved 1161216K
  class space    used 13009K, capacity 15196K, committed 15232K, reserved 1048576K
Event: 12807.557 GC heap after
Heap after GC invocations=934 (full 185):
 PSYoungGen      total 159232K, used 0K [0x00000000f5580000, 0x00000000ffe00000, 0x0000000100000000)
  eden space 157184K, 0% used [0x00000000f5580000,0x00000000f5580000,0x00000000fef00000)
  from space 2048K, 0% used [0x00000000fef00000,0x00000000fef00000,0x00000000ff100000)
  to   space 7680K, 0% used [0x00000000ff680000,0x00000000ff680000,0x00000000ffe00000)
 ParOldGen       total 211456K, used 123520K [0x00000000e0000000, 0x00000000ece80000, 0x00000000f5580000)
  object space 211456K, 58% used [0x00000000e0000000,0x00000000e78a0388,0x00000000ece80000)
 Metaspace       used 119408K, capacity 126820K, committed 127360K, reserved 1161216K
  class space    used 13009K, capacity 15196K, committed 15232K, reserved 1048576K
}

